c:\users\public\documents\vector\canoe\tup_sources\chapter_17\vc.net\debug\capldll.bsc
c:\users\public\documents\vector\canoe\tup_sources\chapter_17\vc.net\debug\capldll.lib
c:\users\public\documents\vector\canoe\tup_sources\chapter_17\vc.net\debug\capldll.exp
c:\users\public\documents\vector\canoe\tup_sources\chapter_17\vc.net\debug\vc120.pdb
c:\users\public\documents\vector\canoe\tup_sources\chapter_17\vc.net\debug\capldll.sbr
c:\users\public\documents\vector\canoe\tup_sources\chapter_17\vc.net\debug\capldll.obj
c:\users\public\documents\vector\canoe\tup_sources\chapter_17\vc.net\debug\capldll.dll
c:\users\public\documents\vector\canoe\tup_sources\chapter_17\vc.net\debug\capldll.map
c:\users\public\documents\vector\canoe\tup_sources\chapter_17\vc.net\debug\capldll.pdb
c:\users\public\documents\vector\canoe\tup_sources\chapter_17\vc.net\.\debug\capldll.dll
c:\users\public\documents\vector\canoe\tup_sources\chapter_17\vc.net\debug\capldll.tlog\bscmake.command.1.tlog
c:\users\public\documents\vector\canoe\tup_sources\chapter_17\vc.net\debug\capldll.tlog\bscmake.read.1.tlog
c:\users\public\documents\vector\canoe\tup_sources\chapter_17\vc.net\debug\capldll.tlog\bscmake.write.1.tlog
c:\users\public\documents\vector\canoe\tup_sources\chapter_17\vc.net\debug\capldll.tlog\capldll.write.1u.tlog
c:\users\public\documents\vector\canoe\tup_sources\chapter_17\vc.net\debug\capldll.tlog\cl.command.1.tlog
c:\users\public\documents\vector\canoe\tup_sources\chapter_17\vc.net\debug\capldll.tlog\cl.read.1.tlog
c:\users\public\documents\vector\canoe\tup_sources\chapter_17\vc.net\debug\capldll.tlog\cl.write.1.tlog
c:\users\public\documents\vector\canoe\tup_sources\chapter_17\vc.net\debug\capldll.tlog\link.command.1.tlog
c:\users\public\documents\vector\canoe\tup_sources\chapter_17\vc.net\debug\capldll.tlog\link.read.1.tlog
c:\users\public\documents\vector\canoe\tup_sources\chapter_17\vc.net\debug\capldll.tlog\link.write.1.tlog
