Build started 4/22/2019 7:51:16 PM.
     1>Project "C:\Users\ZKN1SZH\Desktop\TUP_Sources20190412\TUP_Sources\Chapter_22\Source\11.0\VC.NET\FDX_Demo\FDX_Demo.vcxproj" on node 2 (Rebuild target(s)).
     1>ClCompile:
         C:\Program Files (x86)\Microsoft Visual Studio 12.0\VC\bin\CL.exe /c /Zi /nologo /W3 /WX- /sdl- /O2 /Oi /Oy- /GL /D WIN32 /D _WINDOWS /D NDEBUG /D _UNICODE /D UNICODE /D _AFXDLL /Gm- /EHsc /MD /GS /Gy /fp:precise /Zc:wchar_t /Zc:forScope /Yc"stdafx.h" /Fp"Release\FDX_Demo.pch" /Fo"Release\\" /Fd"Release\vc120.pdb" /Gd /TP /analyze- /errorReport:prompt stdafx.cpp
         stdafx.cpp
         C:\Program Files (x86)\Microsoft Visual Studio 12.0\VC\bin\CL.exe /c /Zi /nologo /W3 /WX- /sdl- /O2 /Oi /Oy- /GL /D WIN32 /D _WINDOWS /D NDEBUG /D _UNICODE /D UNICODE /D _AFXDLL /Gm- /EHsc /MD /GS /Gy /fp:precise /Zc:wchar_t /Zc:forScope /Yu"stdafx.h" /Fp"Release\FDX_Demo.pch" /Fo"Release\\" /Fd"Release\vc120.pdb" /Gd /TP /analyze- /errorReport:prompt FDXDatagram.cpp FDXDispatcher.cpp FDXSocket.cpp FDX_Demo.cpp FDX_DemoDlg.cpp
         FDXDatagram.cpp
         FDXDispatcher.cpp
         FDXSocket.cpp
     1>FDXSocket.cpp(23): warning C4996: 'inet_addr': Use inet_pton() or InetPton() instead or define _WINSOCK_DEPRECATED_NO_WARNINGS to disable deprecated API warnings
                 C:\Program Files (x86)\Windows Kits\8.1\Include\um\winsock2.h(1850) : see declaration of 'inet_addr'
     1>FDXSocket.cpp(125): warning C4996: 'inet_addr': Use inet_pton() or InetPton() instead or define _WINSOCK_DEPRECATED_NO_WARNINGS to disable deprecated API warnings
                 C:\Program Files (x86)\Windows Kits\8.1\Include\um\winsock2.h(1850) : see declaration of 'inet_addr'
         FDX_Demo.cpp
         FDX_DemoDlg.cpp
       ResourceCompile:
         C:\Program Files (x86)\Windows Kits\8.1\bin\x86\rc.exe /D NDEBUG /D _UNICODE /D UNICODE /D _AFXDLL /l"0x0409" /IRelease\ /nologo /fo"Release\FDX_Demo.res" FDX_Demo.rc 
       Link:
         C:\Program Files (x86)\Microsoft Visual Studio 12.0\VC\bin\link.exe /ERRORREPORT:PROMPT /OUT:"C:\Users\ZKN1SZH\Desktop\TUP_Sources20190412\TUP_Sources\Chapter_22\Source\11.0\VC.NET\Release\FDX_Demo.exe" /INCREMENTAL:NO /NOLOGO /MANIFEST /MANIFESTUAC:"level='asInvoker' uiAccess='false'" /manifest:embed /manifestinput:"C:\Program Files (x86)\Microsoft Visual Studio 12.0\VC\Include\Manifest\dpiaware.manifest" /DEBUG /PDB:"C:\Users\ZKN1SZH\Desktop\TUP_Sources20190412\TUP_Sources\Chapter_22\Source\11.0\VC.NET\Release\FDX_Demo.pdb" /SUBSYSTEM:WINDOWS /OPT:REF /OPT:ICF /LTCG /TLBID:1 /ENTRY:"wWinMainCRTStartup" /DYNAMICBASE /NXCOMPAT /IMPLIB:"C:\Users\ZKN1SZH\Desktop\TUP_Sources20190412\TUP_Sources\Chapter_22\Source\11.0\VC.NET\Release\FDX_Demo.lib" /MACHINE:X86 /SAFESEH Release\FDX_Demo.res
         Release\FDXDatagram.obj
         Release\FDXDispatcher.obj
         Release\FDXSocket.obj
         Release\FDX_Demo.obj
         Release\FDX_DemoDlg.obj
         Release\stdafx.obj
         Generating code
         Finished generating code
         FDX_Demo.vcxproj -> C:\Users\ZKN1SZH\Desktop\TUP_Sources20190412\TUP_Sources\Chapter_22\Source\11.0\VC.NET\Release\FDX_Demo.exe
     1>Done Building Project "C:\Users\ZKN1SZH\Desktop\TUP_Sources20190412\TUP_Sources\Chapter_22\Source\11.0\VC.NET\FDX_Demo\FDX_Demo.vcxproj" (Rebuild target(s)).

Build succeeded.

Time Elapsed 00:00:12.55
