c:\users\zkn1szh\desktop\tup_sources20190412\tup_sources\chapter_22\source\11.0\vc.net\fdx_demo\release\fdx_demo.pch
c:\users\zkn1szh\desktop\tup_sources20190412\tup_sources\chapter_22\source\11.0\vc.net\fdx_demo\release\vc120.pdb
c:\users\zkn1szh\desktop\tup_sources20190412\tup_sources\chapter_22\source\11.0\vc.net\fdx_demo\release\stdafx.obj
c:\users\zkn1szh\desktop\tup_sources20190412\tup_sources\chapter_22\source\11.0\vc.net\fdx_demo\release\fdx_demodlg.obj
c:\users\zkn1szh\desktop\tup_sources20190412\tup_sources\chapter_22\source\11.0\vc.net\fdx_demo\release\fdx_demo.obj
c:\users\zkn1szh\desktop\tup_sources20190412\tup_sources\chapter_22\source\11.0\vc.net\fdx_demo\release\fdxsocket.obj
c:\users\zkn1szh\desktop\tup_sources20190412\tup_sources\chapter_22\source\11.0\vc.net\fdx_demo\release\fdxdispatcher.obj
c:\users\zkn1szh\desktop\tup_sources20190412\tup_sources\chapter_22\source\11.0\vc.net\fdx_demo\release\fdxdatagram.obj
c:\users\zkn1szh\desktop\tup_sources20190412\tup_sources\chapter_22\source\11.0\vc.net\release\fdx_demo.exe
c:\users\zkn1szh\desktop\tup_sources20190412\tup_sources\chapter_22\source\11.0\vc.net\release\fdx_demo.pdb
c:\users\zkn1szh\desktop\tup_sources20190412\tup_sources\chapter_22\source\11.0\vc.net\fdx_demo\release\fdx_demo.res
c:\users\zkn1szh\desktop\tup_sources20190412\tup_sources\chapter_22\source\11.0\vc.net\fdx_demo\release\fdx_demo.tlog\cl.command.1.tlog
c:\users\zkn1szh\desktop\tup_sources20190412\tup_sources\chapter_22\source\11.0\vc.net\fdx_demo\release\fdx_demo.tlog\cl.read.1.tlog
c:\users\zkn1szh\desktop\tup_sources20190412\tup_sources\chapter_22\source\11.0\vc.net\fdx_demo\release\fdx_demo.tlog\cl.write.1.tlog
c:\users\zkn1szh\desktop\tup_sources20190412\tup_sources\chapter_22\source\11.0\vc.net\fdx_demo\release\fdx_demo.tlog\link.command.1.tlog
c:\users\zkn1szh\desktop\tup_sources20190412\tup_sources\chapter_22\source\11.0\vc.net\fdx_demo\release\fdx_demo.tlog\link.read.1.tlog
c:\users\zkn1szh\desktop\tup_sources20190412\tup_sources\chapter_22\source\11.0\vc.net\fdx_demo\release\fdx_demo.tlog\link.write.1.tlog
c:\users\zkn1szh\desktop\tup_sources20190412\tup_sources\chapter_22\source\11.0\vc.net\fdx_demo\release\fdx_demo.tlog\rc.command.1.tlog
c:\users\zkn1szh\desktop\tup_sources20190412\tup_sources\chapter_22\source\11.0\vc.net\fdx_demo\release\fdx_demo.tlog\rc.read.1.tlog
c:\users\zkn1szh\desktop\tup_sources20190412\tup_sources\chapter_22\source\11.0\vc.net\fdx_demo\release\fdx_demo.tlog\rc.write.1.tlog
